[debug] > Exec(early(addDefaultCommands), None, None)
[debug] > Exec(addDefaultCommands, None, None)
[debug] > Exec(early(initialize), None, None)
[debug] > Exec(initialize, None, None)
[debug] > Exec(boot, None, None)
[debug] > Exec(writeSbtVersion, None, None)
[debug] > Exec(reload, None, None)
[debug] > Exec(sbtStashOnFailure, None, None)
[debug] > Exec(onFailure loadFailed, None, None)
[debug] > Exec(loadp, None, None)
[info] welcome to sbt 1.4.3 (Amazon.com Inc. Java 1.8.0_282)
[debug]       Load.loadUnit: plugins took 97.34103ms
[debug]       Load.loadUnit: defsScala took 0.734985ms
[debug] [Loading] Scanning directory /home/knoldus/.sbt/1.0/plugins
[debug] [Loading] Found non-root projects 
[debug] [Loading] Done in /home/knoldus/.sbt/1.0/plugins, returning: ()
[debug] deducing auto plugins based on known facts Set(Atom(sbt.plugins.CorePlugin)) and clauses Clauses(List(Clause(Atom(sbt.plugins.JvmPlugin),Set(Atom(sbt.plugins.IvyPlugin))), Clause(Atom(sbt.ScriptedPlugin),Set(Atom(sbt.plugins.JvmPlugin))), Clause(Atom(sbt.plugins.SbtPlugin),Set(Atom(sbt.ScriptedPlugin))), Clause(Atom(sbt.plugins.SemanticdbPlugin),Set(Atom(sbt.plugins.JvmPlugin))), Clause(Atom(sbt.plugins.JUnitXmlReportPlugin),Set(Atom(sbt.plugins.JvmPlugin))), Clause(Atom(sbt.plugins.MiniDependencyTreePlugin),Set(Atom(sbt.plugins.JvmPlugin))), Clause(Atom(sbt.plugins.CorePlugin),Set(Atom(sbt.plugins.IvyPlugin))), Clause(Atom(sbt.plugins.IvyPlugin),Set(Atom(sbt.plugins.JvmPlugin))), Clause(Atom(sbt.plugins.JvmPlugin),Set(Atom(sbt.plugins.SemanticdbPlugin))), Clause(Atom(sbt.plugins.JvmPlugin),Set(Atom(sbt.plugins.JUnitXmlReportPlugin))), Clause(Atom(sbt.plugins.CorePlugin),Set(Atom(sbt.plugins.Giter8TemplatePlugin))), Clause(Atom(sbt.plugins.JvmPlugin),Set(Atom(sbt.plugins.MiniDependencyTreePlugin)))))
[debug]   :: deduced result: Matched(sbt.plugins.CorePlugin,sbt.plugins.Giter8TemplatePlugin,sbt.plugins.IvyPlugin,sbt.plugins.JvmPlugin,sbt.plugins.MiniDependencyTreePlugin,sbt.plugins.JUnitXmlReportPlugin,sbt.plugins.SemanticdbPlugin)
[debug] Plugins.deducer#function took 185.833011 ms
[debug]           Load.resolveProject(global-plugins) took 51.345877ms
[debug]         Load.loadTransitive: finalizeProject(Project(id global-plugins, base: /home/knoldus/.sbt/1.0/plugins, plugins: List(<none>))) took 279.412435ms
[debug] [Loading] Done in /home/knoldus/.sbt/1.0/plugins, returning: (global-plugins)
[debug]       Load.loadUnit: loadedProjectsRaw took 309.698024ms
[debug]       Load.loadUnit: cleanEvalClasses took 0.281192ms
[debug]     Load.loadUnit(file:/home/knoldus/.sbt/1.0/plugins/, ...) took 418.921018ms
[debug]   Load.apply: load took 596.988472ms
[debug]   Load.apply: resolveProjects took 7.009722ms
[debug]   Load.apply: finalTransforms took 60.682921ms
[debug]   Load.apply: config.delegates took 11.01874ms
[debug]   Load.apply: Def.make(settings)... took 421.383811ms
[debug]   Load.apply: structureIndex took 110.513694ms
[debug]   Load.apply: mkStreams took 2.622387ms
[info] loading global plugins from /home/knoldus/.sbt/1.0/plugins
[debug] Running task... Cancel: Signal, check cycles: false, forcegc: true
[debug] Load.defaultLoad until apply took 2665.783765ms
[debug]           Load.loadUnit: plugins took 17.43298ms
[debug]           Load.loadUnit: defsScala took 0.004839ms
[debug] [Loading] Scanning directory /home/knoldus/IdeaProjects/Future_call_assignment/project
[debug] [Loading] Found non-root projects 
[debug] [Loading] Done in /home/knoldus/IdeaProjects/Future_call_assignment/project, returning: ()
[debug] deducing auto plugins based on known facts Set(Atom(sbt.plugins.CorePlugin)) and clauses Clauses(List(Clause(Atom(sbt.plugins.JvmPlugin),Set(Atom(sbt.plugins.IvyPlugin))), Clause(Atom(sbt.ScriptedPlugin),Set(Atom(sbt.plugins.JvmPlugin))), Clause(Atom(sbt.plugins.SbtPlugin),Set(Atom(sbt.ScriptedPlugin))), Clause(Atom(sbt.plugins.SemanticdbPlugin),Set(Atom(sbt.plugins.JvmPlugin))), Clause(Atom(sbt.plugins.JUnitXmlReportPlugin),Set(Atom(sbt.plugins.JvmPlugin))), Clause(Atom(sbt.plugins.MiniDependencyTreePlugin),Set(Atom(sbt.plugins.JvmPlugin))), Clause(Atom(sbt.plugins.CorePlugin),Set(Atom(sbt.plugins.IvyPlugin))), Clause(Atom(sbt.plugins.IvyPlugin),Set(Atom(sbt.plugins.JvmPlugin))), Clause(Atom(sbt.plugins.JvmPlugin),Set(Atom(sbt.plugins.SemanticdbPlugin))), Clause(Atom(sbt.plugins.JvmPlugin),Set(Atom(sbt.plugins.JUnitXmlReportPlugin))), Clause(Atom(sbt.plugins.CorePlugin),Set(Atom(sbt.plugins.Giter8TemplatePlugin))), Clause(Atom(sbt.plugins.JvmPlugin),Set(Atom(sbt.plugins.MiniDependencyTreePlugin)))))
[debug]   :: deduced result: Matched(sbt.plugins.CorePlugin,sbt.plugins.Giter8TemplatePlugin,sbt.plugins.IvyPlugin,sbt.plugins.JvmPlugin,sbt.plugins.MiniDependencyTreePlugin,sbt.plugins.JUnitXmlReportPlugin,sbt.plugins.SemanticdbPlugin)
[debug] Plugins.deducer#function took 2.804248 ms
[debug]               Load.resolveProject(future_call_assignment-build) took 1.52249ms
[debug]             Load.loadTransitive: finalizeProject(Project(id future_call_assignment-build, base: /home/knoldus/IdeaProjects/Future_call_assignment/project, plugins: List(<none>))) took 5.011706ms
[debug] [Loading] Done in /home/knoldus/IdeaProjects/Future_call_assignment/project, returning: (future_call_assignment-build)
[debug]           Load.loadUnit: loadedProjectsRaw took 7.130911ms
[debug]           Load.loadUnit: cleanEvalClasses took 0.015405ms
[debug]         Load.loadUnit(file:/home/knoldus/IdeaProjects/Future_call_assignment/project/, ...) took 25.312472ms
[debug]       Load.apply: load took 27.217837ms
[debug]       Load.apply: resolveProjects took 0.403502ms
[debug]       Load.apply: finalTransforms took 12.296053ms
[debug]       Load.apply: config.delegates took 0.464109ms
[debug]       Load.apply: Def.make(settings)... took 108.077647ms
[debug]       Load.apply: structureIndex took 29.292093ms
[debug]       Load.apply: mkStreams took 0.00245ms
[info] loading project definition from /home/knoldus/IdeaProjects/Future_call_assignment/project
[debug] Running task... Cancel: Signal, check cycles: false, forcegc: true
[debug]     Load.loadUnit: plugins took 339.211456ms
[debug]     Load.loadUnit: defsScala took 0.002932ms
[debug] [Loading] Scanning directory /home/knoldus/IdeaProjects/Future_call_assignment
[debug]       Load.loadUnit: mkEval took 6.289629ms
[debug] [Loading] Found non-root projects 
[debug] [Loading] Done in /home/knoldus/IdeaProjects/Future_call_assignment, returning: ()
[debug] deducing auto plugins based on known facts Set(Atom(sbt.plugins.CorePlugin)) and clauses Clauses(List(Clause(Atom(sbt.plugins.JvmPlugin),Set(Atom(sbt.plugins.IvyPlugin))), Clause(Atom(sbt.ScriptedPlugin),Set(Atom(sbt.plugins.JvmPlugin))), Clause(Atom(sbt.plugins.SbtPlugin),Set(Atom(sbt.ScriptedPlugin))), Clause(Atom(sbt.plugins.SemanticdbPlugin),Set(Atom(sbt.plugins.JvmPlugin))), Clause(Atom(sbt.plugins.JUnitXmlReportPlugin),Set(Atom(sbt.plugins.JvmPlugin))), Clause(Atom(sbt.plugins.MiniDependencyTreePlugin),Set(Atom(sbt.plugins.JvmPlugin))), Clause(Atom(sbt.plugins.CorePlugin),Set(Atom(sbt.plugins.IvyPlugin))), Clause(Atom(sbt.plugins.IvyPlugin),Set(Atom(sbt.plugins.JvmPlugin))), Clause(Atom(sbt.plugins.JvmPlugin),Set(Atom(sbt.plugins.SemanticdbPlugin))), Clause(Atom(sbt.plugins.JvmPlugin),Set(Atom(sbt.plugins.JUnitXmlReportPlugin))), Clause(Atom(sbt.plugins.CorePlugin),Set(Atom(sbt.plugins.Giter8TemplatePlugin))), Clause(Atom(sbt.plugins.JvmPlugin),Set(Atom(sbt.plugins.MiniDependencyTreePlugin)))))
[debug]   :: deduced result: Matched(sbt.plugins.CorePlugin,sbt.plugins.Giter8TemplatePlugin,sbt.plugins.IvyPlugin,sbt.plugins.JvmPlugin,sbt.plugins.MiniDependencyTreePlugin,sbt.plugins.JUnitXmlReportPlugin,sbt.plugins.SemanticdbPlugin)
[debug] Plugins.deducer#function took 1.226337 ms
[info] loading settings for project future_call_assignment from build.sbt ...
[debug]         Load.resolveProject(future_call_assignment) took 2.811411ms
[debug]       Load.loadTransitive: finalizeProject(Project(id future_call_assignment, base: /home/knoldus/IdeaProjects/Future_call_assignment, plugins: List(<none>))) took 4.487105ms
[debug] [Loading] Done in /home/knoldus/IdeaProjects/Future_call_assignment, returning: (future_call_assignment)
[debug]     Load.loadUnit: loadedProjectsRaw took 2609.09763ms
[debug]     Load.loadUnit: cleanEvalClasses took 5.025172ms
[debug]   Load.loadUnit(file:/home/knoldus/IdeaProjects/Future_call_assignment/, ...) took 2953.930372ms
[debug] Load.apply: load took 2954.938409ms
[debug] Load.apply: resolveProjects took 0.089619ms
[debug] Load.apply: finalTransforms took 7.046394ms
[debug] Load.apply: config.delegates took 0.3149ms
[debug] Load.apply: Def.make(settings)... took 119.42467ms
[debug] Load.apply: structureIndex took 17.603935ms
[debug] Load.apply: mkStreams took 0.002692ms
[info] set current project to Future_call_assignment (in build file:/home/knoldus/IdeaProjects/Future_call_assignment/)
[debug] > Exec(sbtPopOnFailure, None, None)
[debug] > Exec(resumeFromFailure, None, None)
[debug] > Exec(notifyUsersAboutShell, None, None)
[debug] > Exec(iflast shell, None, None)
[debug] > Exec(shell, None, None)
[info] sbt server started at local:///home/knoldus/.sbt/1.0/server/5cf51b6633378ffb51ee/sock
[info] started sbt server
